#
# There is insufficient memory for the Java Runtime Environment to continue.
# Native memory allocation (mmap) failed to map 134217728 bytes for G1 virtual space
# Possible reasons:
#   The system is out of physical RAM or swap space
#   The process is running with CompressedOops enabled, and the Java Heap may be blocking the growth of the native heap
# Possible solutions:
#   Reduce memory load on the system
#   Increase physical memory or swap space
#   Check if swap backing store is full
#   Decrease Java heap size (-Xmx/-Xms)
#   Decrease number of Java threads
#   Decrease Java thread stack sizes (-Xss)
#   Set larger code cache with -XX:ReservedCodeCacheSize=
#   JVM is running with Unscaled Compressed Oops mode in which the Java heap is
#     placed in the first 4GB address space. The Java Heap base address is the
#     maximum limit for the native heap growth. Please use -XX:HeapBaseMinAddress
#     to set the Java Heap base and to place the Java Heap above 4GB virtual address.
# This output file may be truncated or incomplete.
#
#  Out of Memory Error (os_windows.cpp:3527), pid=19748, tid=20080
#
# JRE version:  (19.0.1+10) (build )
# Java VM: Java HotSpot(TM) 64-Bit Server VM (19.0.1+10-21, mixed mode, sharing, tiered, compressed oops, compressed class ptrs, g1 gc, windows-amd64)
# No core dump will be written. Minidumps are not enabled by default on client versions of Windows
#

---------------  S U M M A R Y ------------

Command Line: -Dfile.encoding=UTF-8 --module-path=C:\Users\ADMIN\Documents\NetBeansProjects\Quiz Application\build\classes quiz.application.Quiz

Host: Intel(R) Core(TM) i5-6300U CPU @ 2.40GHz, 4 cores, 7G,  Windows 10 , 64 bit Build 19041 (10.0.19041.2251)
Time: Sat Nov 26 00:26:45 2022 India Standard Time elapsed time: 0.021224 seconds (0d 0h 0m 0s)

---------------  T H R E A D  ---------------

Current thread (0x0000019519877430):  JavaThread "Unknown thread" [_thread_in_vm, id=20080, stack(0x0000009008200000,0x0000009008300000)]

Stack: [0x0000009008200000,0x0000009008300000]
Native frames: (J=compiled Java code, j=interpreted, Vv=VM code, C=native code)
V  [jvm.dll+0x6ee8fa]
V  [jvm.dll+0x857a1e]
V  [jvm.dll+0x85940e]
V  [jvm.dll+0x859ac3]
V  [jvm.dll+0x28291f]
V  [jvm.dll+0x6eb6e9]
V  [jvm.dll+0x6e028a]
V  [jvm.dll+0x357136]
V  [jvm.dll+0x35eb96]
V  [jvm.dll+0x3b555e]
V  [jvm.dll+0x3b578f]
V  [jvm.dll+0x32c6ea]
V  [jvm.dll+0x32d59e]
V  [jvm.dll+0x821b20]
V  [jvm.dll+0x3c27c1]
V  [jvm.dll+0x8022f1]
V  [jvm.dll+0x44b30f]
V  [jvm.dll+0x44cc91]
C  [jli.dll+0x5287]
C  [ucrtbase.dll+0x21bb2]
C  [KERNEL32.DLL+0x174b4]
C  [ntdll.dll+0x526a1]


---------------  P R O C E S S  ---------------

Threads class SMR info:
_java_thread_list=0x00007ffba3cfd048, length=0, elements={
}

Java Threads: ( => current thread )

Other Threads:
  0x00000195198d7970 WorkerThread "GC Thread#0" [stack: 0x0000009008300000,0x0000009008400000] [id=19632]
  0x00000195198e8730 ConcurrentGCThread "G1 Main Marker" [stack: 0x0000009008400000,0x0000009008500000] [id=15912]
  0x00000195198e9900 WorkerThread "G1 Conc#0" [stack: 0x0000009008500000,0x0000009008600000] [id=20416]

[error occurred during error reporting (printing all threads), id 0xc0000005, EXCEPTION_ACCESS_VIOLATION (0xc0000005) at pc=0x00007ffba34bd127]

VM state: not at safepoint (not fully initialized)

VM Mutex/Monitor currently owned by a thread:  ([mutex/lock_event])
[0x0000019519873670] Heap_lock - owner thread: 0x0000019519877430

Heap address: 0x0000000081a00000, size: 2022 MB, Compressed Oops mode: 32-bit

CDS archive(s) mapped at: [0x0000000000000000-0x0000000000000000-0x0000000000000000), size 0, SharedBaseAddress: 0x0000000800000000, ArchiveRelocationMode: 0.
Narrow klass base: 0x0000000000000000, Narrow klass shift: 0, Narrow klass range: 0x0

GC Precious Log:
 CardTable entry size: 512
 Card Set container configuration: InlinePtr #cards 5 size 8 Array Of Cards #cards 12 size 40 Howl #buckets 4 coarsen threshold 1843 Howl Bitmap #cards 512 size 80 coarsen threshold 460 Card regions per heap region 1 cards per card region 2048

Heap:
 garbage-first heap   total 0K, used 0K [0x0000000081a00000, 0x0000000100000000)
  region size 1024K, 0 young (0K), 0 survivors (0K)

[error occurred during error reporting (printing heap information), id 0xc0000005, EXCEPTION_ACCESS_VIOLATION (0xc0000005) at pc=0x00007ffba38c6959]

GC Heap History (0 events):
No events

Dll operation events (1 events):
Event: 0.011 Loaded shared library C:\Program Files\Java\jdk-19\bin\java.dll

Deoptimization events (0 events):
No events

Classes loaded (0 events):
No events

Classes unloaded (0 events):
No events

Classes redefined (0 events):
No events

Internal exceptions (0 events):
No events

VM Operations (0 events):
No events

Events (0 events):
No events


Dynamic libraries:
0x00007ff63d8f0000 - 0x00007ff63d900000 	C:\Program Files\Java\jdk-19\bin\java.exe
0x00007ffbfc2d0000 - 0x00007ffbfc4c8000 	C:\Windows\SYSTEM32\ntdll.dll
0x00007ffbfa8b0000 - 0x00007ffbfa96f000 	C:\Windows\System32\KERNEL32.DLL
0x00007ffbf9cd0000 - 0x00007ffbf9fa2000 	C:\Windows\System32\KERNELBASE.dll
0x00007ffbf9fb0000 - 0x00007ffbfa0b0000 	C:\Windows\System32\ucrtbase.dll
0x00007ffbead90000 - 0x00007ffbeadab000 	C:\Program Files\Java\jdk-19\bin\VCRUNTIME140.dll
0x00007ffbf4970000 - 0x00007ffbf4988000 	C:\Program Files\Java\jdk-19\bin\jli.dll
0x00007ffbfb300000 - 0x00007ffbfb3ae000 	C:\Windows\System32\ADVAPI32.dll
0x00007ffbfbfd0000 - 0x00007ffbfc06e000 	C:\Windows\System32\msvcrt.dll
0x00007ffbfac30000 - 0x00007ffbfaccc000 	C:\Windows\System32\sechost.dll
0x00007ffbfa5f0000 - 0x00007ffbfa715000 	C:\Windows\System32\RPCRT4.dll
0x00007ffbfb160000 - 0x00007ffbfb2fd000 	C:\Windows\System32\USER32.dll
0x00007ffbfa0b0000 - 0x00007ffbfa0d2000 	C:\Windows\System32\win32u.dll
0x00007ffbfa880000 - 0x00007ffbfa8ab000 	C:\Windows\System32\GDI32.dll
0x00007ffbf2030000 - 0x00007ffbf22ca000 	C:\Windows\WinSxS\amd64_microsoft.windows.common-controls_6595b64144ccf1df_6.0.19041.1110_none_60b5254171f9507e\COMCTL32.dll
0x00007ffbfa170000 - 0x00007ffbfa27f000 	C:\Windows\System32\gdi32full.dll
0x00007ffbf9b30000 - 0x00007ffbf9bcd000 	C:\Windows\System32\msvcp_win.dll
0x00007ffbf2c20000 - 0x00007ffbf2c2a000 	C:\Windows\SYSTEM32\VERSION.dll
0x00007ffbfa7d0000 - 0x00007ffbfa802000 	C:\Windows\System32\IMM32.DLL
0x00007ffbf5280000 - 0x00007ffbf528c000 	C:\Program Files\Java\jdk-19\bin\vcruntime140_1.dll
0x00007ffbd8960000 - 0x00007ffbd89ee000 	C:\Program Files\Java\jdk-19\bin\msvcp140.dll
0x00007ffba3180000 - 0x00007ffba3e40000 	C:\Program Files\Java\jdk-19\bin\server\jvm.dll
0x00007ffbe53a0000 - 0x00007ffbe53a9000 	C:\Windows\SYSTEM32\WSOCK32.dll
0x00007ffbe8a00000 - 0x00007ffbe8a27000 	C:\Windows\SYSTEM32\WINMM.dll
0x00007ffbfa810000 - 0x00007ffbfa87b000 	C:\Windows\System32\WS2_32.dll
0x00007ffbf8220000 - 0x00007ffbf8232000 	C:\Windows\SYSTEM32\kernel.appcore.dll
0x00007ffbf3690000 - 0x00007ffbf369a000 	C:\Program Files\Java\jdk-19\bin\jimage.dll
0x00007ffbf7ee0000 - 0x00007ffbf80c4000 	C:\Windows\SYSTEM32\DBGHELP.DLL
0x00007ffbe4390000 - 0x00007ffbe43bc000 	C:\Windows\SYSTEM32\dbgcore.DLL
0x00007ffbfa0e0000 - 0x00007ffbfa162000 	C:\Windows\System32\bcryptPrimitives.dll
0x00007ffbead20000 - 0x00007ffbead46000 	C:\Program Files\Java\jdk-19\bin\java.dll

dbghelp: loaded successfully - version: 4.0.5 - missing functions: none
symbol engine: initialized successfully - sym options: 0x614 - pdb path: .;C:\Program Files\Java\jdk-19\bin;C:\Windows\SYSTEM32;C:\Windows\WinSxS\amd64_microsoft.windows.common-controls_6595b64144ccf1df_6.0.19041.1110_none_60b5254171f9507e;C:\Program Files\Java\jdk-19\bin\server

VM Arguments:
jvm_args: -Dfile.encoding=UTF-8 --module-path=C:\Users\ADMIN\Documents\NetBeansProjects\Quiz Application\build\classes 
java_command: quiz.application.Quiz
java_class_path (initial): C:\Users\ADMIN\Documents\NetBeansProjects\Quiz Application\build\classes
Launcher Type: SUN_STANDARD

[Global flags]
     intx CICompilerCount                          = 3                                         {product} {ergonomic}
     uint ConcGCThreads                            = 1                                         {product} {ergonomic}
     uint G1ConcRefinementThreads                  = 4                                         {product} {ergonomic}
   size_t G1HeapRegionSize                         = 1048576                                   {product} {ergonomic}
    uintx GCDrainStackTargetSize                   = 64                                        {product} {ergonomic}
   size_t InitialHeapSize                          = 134217728                                 {product} {ergonomic}
   size_t MarkStackSize                            = 4194304                                   {product} {ergonomic}
   size_t MaxHeapSize                              = 2120220672                                {product} {ergonomic}
   size_t MinHeapDeltaBytes                        = 1048576                                   {product} {ergonomic}
   size_t MinHeapSize                              = 8388608                                   {product} {ergonomic}
    uintx NonNMethodCodeHeapSize                   = 5832780                                {pd product} {ergonomic}
    uintx NonProfiledCodeHeapSize                  = 122912730                              {pd product} {ergonomic}
    uintx ProfiledCodeHeapSize                     = 122912730                              {pd product} {ergonomic}
    uintx ReservedCodeCacheSize                    = 251658240                              {pd product} {ergonomic}
     bool SegmentedCodeCache                       = true                                      {product} {ergonomic}
   size_t SoftMaxHeapSize                          = 2120220672                             {manageable} {ergonomic}
     bool UseCompressedClassPointers               = true                           {product lp64_product} {ergonomic}
     bool UseCompressedOops                        = true                           {product lp64_product} {ergonomic}
     bool UseG1GC                                  = true                                      {product} {ergonomic}
     bool UseLargePagesIndividualAllocation        = false                                  {pd product} {ergonomic}

Logging:
Log output configuration:
 #0: stdout all=warning uptime,level,tags foldmultilines=false
 #1: stderr all=off uptime,level,tags foldmultilines=false

Environment Variables:
JAVA_HOME=C:\Program Files\Java\jdk-19
PATH=C:\Program Files\Common Files\Oracle\Java\javapath;C:\Windows\system32;C:\Windows;C:\Windows\System32\Wbem;C:\Windows\System32\WindowsPowerShell\v1.0\;C:\Windows\System32\OpenSSH\;C:\Program Files\Java\jdk-19\bin;C:\Program Files\MySQL\MySQL Server 8.0\bin;C:\Program Files\MySQL\MySQL Shell 8.0\bin\;C:\Users\ADMIN\AppData\Local\Microsoft\WindowsApps;;C:\Users\ADMIN\AppData\Local\Programs\Microsoft VS Code\bin
USERNAME=ADMIN
OS=Windows_NT
PROCESSOR_IDENTIFIER=Intel64 Family 6 Model 78 Stepping 3, GenuineIntel
TMP=C:\Users\ADMIN\AppData\Local\Temp
TEMP=C:\Users\ADMIN\AppData\Local\Temp



---------------  S Y S T E M  ---------------

OS:
 Windows 10 , 64 bit Build 19041 (10.0.19041.2251)
OS uptime: 1 days 5:51 hours

CPU: total 4 (initial active 4) (2 cores per cpu, 2 threads per core) family 6 model 78 stepping 3 microcode 0xea, cx8, cmov, fxsr, ht, mmx, 3dnowpref, sse, sse2, sse3, ssse3, sse4.1, sse4.2, popcnt, lzcnt, tsc, tscinvbit, avx, avx2, aes, erms, clmul, bmi1, bmi2, rtm, adx, fma, vzeroupper, clflush, clflushopt, rdtscp

Memory: 4k page, system-wide physical 8083M (1263M free)
TotalPageFile size 26020M (AvailPageFile size 33M)
current process WorkingSet (physical memory assigned to process): 10M, peak: 10M
current process commit charge ("private bytes"): 52M, peak: 180M

vm_info: Java HotSpot(TM) 64-Bit Server VM (19.0.1+10-21) for windows-amd64 JRE (19.0.1+10-21), built on 2022-09-14T12:45:06Z by "mach5one" with MS VC++ 17.1 (VS2022)

END.
